2025-Oct-24 22:09:47.549828
Starting deployment of adamkali/mindscape:nightly to Snickers 2.
2025-Oct-24 22:09:47.790507
Preparing container with helper image: ghcr.io/coollabsio/coolify-helper:1.0.11.
2025-Oct-24 22:09:47.882537
[CMD]: docker stop --time=30 es4occcwkg4sc08og8o84ogc
2025-Oct-24 22:09:47.882537
Flag --time has been deprecated, use --timeout instead
2025-Oct-24 22:09:47.884619
Error response from daemon: No such container: es4occcwkg4sc08og8o84ogc
2025-Oct-24 22:09:47.971125
[CMD]: docker rm -f es4occcwkg4sc08og8o84ogc
2025-Oct-24 22:09:47.971125
Error response from daemon: No such container: es4occcwkg4sc08og8o84ogc
2025-Oct-24 22:09:48.108333
[CMD]: docker run -d --network coolify --name es4occcwkg4sc08og8o84ogc  --rm -v /var/run/docker.sock:/var/run/docker.sock ghcr.io/coollabsio/coolify-helper:1.0.11
2025-Oct-24 22:09:48.108333
d2ee50d755bbf7b11728da8067a90e9be95fa6ebf127b06bfb4233bb3d291cd4
2025-Oct-24 22:09:48.849907
[CMD]: docker exec es4occcwkg4sc08og8o84ogc bash -c 'GIT_SSH_COMMAND="ssh -o ConnectTimeout=30 -p 22 -o Port=22 -o LogLevel=ERROR -o StrictHostKeyChecking=no -o UserKnownHostsFile=/dev/null" git ls-remote https://github.com/adamkali/mindscape refs/heads/nightly'
2025-Oct-24 22:09:48.849907
628e60fe490308c262fb7370ab197f4be9b7784f	refs/heads/nightly
2025-Oct-24 22:09:48.889305
----------------------------------------
2025-Oct-24 22:09:48.909428
Importing adamkali/mindscape:nightly (commit sha HEAD) to /artifacts/es4occcwkg4sc08og8o84ogc.
2025-Oct-24 22:09:49.074953
[CMD]: docker exec es4occcwkg4sc08og8o84ogc bash -c 'git clone --depth=1 --recurse-submodules --shallow-submodules -b 'nightly' 'https://github.com/adamkali/mindscape' '/artifacts/es4occcwkg4sc08og8o84ogc' && cd /artifacts/es4occcwkg4sc08og8o84ogc && if [ -f .gitmodules ]; then sed -i "s#git@\(.*\):#https://\1/#g" /artifacts/es4occcwkg4sc08og8o84ogc/.gitmodules || true && git submodule sync && GIT_SSH_COMMAND="ssh -o StrictHostKeyChecking=no -o UserKnownHostsFile=/dev/null" git submodule update --init --recursive --depth=1; fi && cd /artifacts/es4occcwkg4sc08og8o84ogc && GIT_SSH_COMMAND="ssh -o StrictHostKeyChecking=no -o UserKnownHostsFile=/dev/null" git lfs pull'
2025-Oct-24 22:09:49.074953
Cloning into '/artifacts/es4occcwkg4sc08og8o84ogc'...
2025-Oct-24 22:09:49.951300
[CMD]: docker exec es4occcwkg4sc08og8o84ogc bash -c 'cd /artifacts/es4occcwkg4sc08og8o84ogc && git log -1 628e60fe490308c262fb7370ab197f4be9b7784f --pretty=%B'
2025-Oct-24 22:09:49.951300
feat:
2025-Oct-24 22:09:50.061961
Image not found (qc8cwoscccoco880kws8cggg:628e60fe490308c262fb7370ab197f4be9b7784f). Building new image.
2025-Oct-24 22:09:50.833418
[CMD]: docker exec es4occcwkg4sc08og8o84ogc bash -c 'cat /artifacts/es4occcwkg4sc08og8o84ogc/Dockerfile'
2025-Oct-24 22:09:50.833418
# Generated by egg v0.0.1
2025-Oct-24 22:09:50.833418
2025-Oct-24 22:09:50.833418
# Build the Frontend
2025-Oct-24 22:09:50.833418
### If you are not using a JS framework you can comment out this section
2025-Oct-24 22:09:50.833418
FROM node:22-alpine AS node_builder
2025-Oct-24 22:09:50.833418
WORKDIR /usr/src/web
2025-Oct-24 22:09:50.833418
COPY web/package.json ./
2025-Oct-24 22:09:50.833418
### use pnpm
2025-Oct-24 22:09:50.833418
RUN npm install -g pnpm && pnpm install
2025-Oct-24 22:09:50.833418
COPY web/ ./
2025-Oct-24 22:09:50.833418
RUN pnpm run build
2025-Oct-24 22:09:50.833418
2025-Oct-24 22:09:50.833418
2025-Oct-24 22:09:50.833418
# Golang Build
2025-Oct-24 22:09:50.833418
FROM golang:1.24-alpine AS go_builder
2025-Oct-24 22:09:50.833418
WORKDIR /usr/src
2025-Oct-24 22:09:50.833418
COPY go.* ./
2025-Oct-24 22:09:50.833418
RUN go mod download
2025-Oct-24 22:09:50.833418
COPY . .
2025-Oct-24 22:09:50.833418
RUN CGO_ENABLED=0 GOOS=linux GOARCH=amd64 go build -o mindscape .
2025-Oct-24 22:09:50.833418
RUN go install github.com/pressly/goose/v3/cmd/goose@latest
2025-Oct-24 22:09:50.833418
RUN go install github.com/adamkali/egg_cli@latest
2025-Oct-24 22:09:50.833418
2025-Oct-24 22:09:50.833418
# Final image
2025-Oct-24 22:09:50.833418
FROM alpine:latest AS app
2025-Oct-24 22:09:50.833418
2025-Oct-24 22:09:50.833418
RUN apk add --no-cache ffmpeg
2025-Oct-24 22:09:50.833418
### If you are not using React or any other frontend you can comment out this section
2025-Oct-24 22:09:50.833418
COPY --from=node_builder /usr/src/web/dist /app/web/dist
2025-Oct-24 22:09:50.833418
COPY --from=go_builder /usr/src/mindscape /app/
2025-Oct-24 22:09:50.833418
## Get goose and egg_cli
2025-Oct-24 22:09:50.833418
COPY --from=go_builder /go/bin/goose /app/
2025-Oct-24 22:09:50.833418
COPY --from=go_builder /go/bin/egg_cli /app/
2025-Oct-24 22:09:50.833418
2025-Oct-24 22:09:50.833418
## Set permissions
2025-Oct-24 22:09:50.833418
RUN chmod +x /app/egg_cli
2025-Oct-24 22:09:50.833418
RUN chmod +x /app/goose
2025-Oct-24 22:09:50.833418
## Add those executables to the path and user
2025-Oct-24 22:09:50.833418
ENV PATH="/app:${PATH}"
2025-Oct-24 22:09:50.833418
2025-Oct-24 22:09:50.833418
EXPOSE 60000
2025-Oct-24 22:09:50.833418
2025-Oct-24 22:09:50.833418
WORKDIR /app
2025-Oct-24 22:09:50.833418
2025-Oct-24 22:09:50.833418
# Generate production.yaml from environment variables using egg_cli
2025-Oct-24 22:09:50.833418
RUN ./egg_cli env -e production
2025-Oct-24 22:09:50.833418
RUN if [ -f ./config/production.yaml ]; then echo "config/production.yaml generated successfully"; else echo "config/production.yaml generation failed"; exit 32; fi
2025-Oct-24 22:09:50.833418
2025-Oct-24 22:09:50.833418
## Run Migrations
2025-Oct-24 22:09:50.833418
RUN ./mindscape db up -e production
2025-Oct-24 22:09:50.833418
2025-Oct-24 22:09:50.833418
## Run the server
2025-Oct-24 22:09:50.833418
CMD ["./mindscape", "-e", "production"]
2025-Oct-24 22:09:51.162274
[CMD]: docker exec es4occcwkg4sc08og8o84ogc bash -c 'cat /artifacts/es4occcwkg4sc08og8o84ogc/Dockerfile'
2025-Oct-24 22:09:51.162274
# Generated by egg v0.0.1
2025-Oct-24 22:09:51.162274
2025-Oct-24 22:09:51.162274
# Build the Frontend
2025-Oct-24 22:09:51.162274
### If you are not using a JS framework you can comment out this section
2025-Oct-24 22:09:51.162274
FROM node:22-alpine AS node_builder
2025-Oct-24 22:09:51.162274
WORKDIR /usr/src/web
2025-Oct-24 22:09:51.162274
COPY web/package.json ./
2025-Oct-24 22:09:51.162274
### use pnpm
2025-Oct-24 22:09:51.162274
RUN npm install -g pnpm && pnpm install
2025-Oct-24 22:09:51.162274
COPY web/ ./
2025-Oct-24 22:09:51.162274
RUN pnpm run build
2025-Oct-24 22:09:51.162274
2025-Oct-24 22:09:51.162274
2025-Oct-24 22:09:51.162274
# Golang Build
2025-Oct-24 22:09:51.162274
FROM golang:1.24-alpine AS go_builder
2025-Oct-24 22:09:51.162274
WORKDIR /usr/src
2025-Oct-24 22:09:51.162274
COPY go.* ./
2025-Oct-24 22:09:51.162274
RUN go mod download
2025-Oct-24 22:09:51.162274
COPY . .
2025-Oct-24 22:09:51.162274
RUN CGO_ENABLED=0 GOOS=linux GOARCH=amd64 go build -o mindscape .
2025-Oct-24 22:09:51.162274
RUN go install github.com/pressly/goose/v3/cmd/goose@latest
2025-Oct-24 22:09:51.162274
RUN go install github.com/adamkali/egg_cli@latest
2025-Oct-24 22:09:51.162274
2025-Oct-24 22:09:51.162274
# Final image
2025-Oct-24 22:09:51.162274
FROM alpine:latest AS app
2025-Oct-24 22:09:51.162274
2025-Oct-24 22:09:51.162274
RUN apk add --no-cache ffmpeg
2025-Oct-24 22:09:51.162274
### If you are not using React or any other frontend you can comment out this section
2025-Oct-24 22:09:51.162274
COPY --from=node_builder /usr/src/web/dist /app/web/dist
2025-Oct-24 22:09:51.162274
COPY --from=go_builder /usr/src/mindscape /app/
2025-Oct-24 22:09:51.162274
## Get goose and egg_cli
2025-Oct-24 22:09:51.162274
COPY --from=go_builder /go/bin/goose /app/
2025-Oct-24 22:09:51.162274
COPY --from=go_builder /go/bin/egg_cli /app/
2025-Oct-24 22:09:51.162274
2025-Oct-24 22:09:51.162274
## Set permissions
2025-Oct-24 22:09:51.162274
RUN chmod +x /app/egg_cli
2025-Oct-24 22:09:51.162274
RUN chmod +x /app/goose
2025-Oct-24 22:09:51.162274
## Add those executables to the path and user
2025-Oct-24 22:09:51.162274
ENV PATH="/app:${PATH}"
2025-Oct-24 22:09:51.162274
2025-Oct-24 22:09:51.162274
EXPOSE 60000
2025-Oct-24 22:09:51.162274
2025-Oct-24 22:09:51.162274
WORKDIR /app
2025-Oct-24 22:09:51.162274
2025-Oct-24 22:09:51.162274
# Generate production.yaml from environment variables using egg_cli
2025-Oct-24 22:09:51.162274
RUN ./egg_cli env -e production
2025-Oct-24 22:09:51.162274
RUN if [ -f ./config/production.yaml ]; then echo "config/production.yaml generated successfully"; else echo "config/production.yaml generation failed"; exit 32; fi
2025-Oct-24 22:09:51.162274
2025-Oct-24 22:09:51.162274
## Run Migrations
2025-Oct-24 22:09:51.162274
RUN ./mindscape db up -e production
2025-Oct-24 22:09:51.162274
2025-Oct-24 22:09:51.162274
## Run the server
2025-Oct-24 22:09:51.162274
CMD ["./mindscape", "-e", "production"]
2025-Oct-24 22:09:51.454295
----------------------------------------
2025-Oct-24 22:09:51.459881
Building docker image started.
2025-Oct-24 22:09:51.465528
To check the current progress, click on Show Debug Logs.
2025-Oct-24 22:09:51.717984
[CMD]: docker exec es4occcwkg4sc08og8o84ogc bash -c 'cat /artifacts/build.sh'
2025-Oct-24 22:09:51.717984
docker build 
    --add-host coolify:10.0.1.11
	--add-host coolify-db:10.0.1.10
	--add-host coolify-realtime:10.0.1.13
	--add-host coolify-redis:10.0.1.2
	--add-host e0kkgg8gw0wgwogogok0c0w0:10.0.1.6
	--add-host e0kkgg8gw0wgwogogok0c0w0-proxy:10.0.1.15
	--add-host gkkgckc8gkk0ok0o8ogwwo0g:10.0.1.8
	--add-host gkkgckc8gkk0ok0o8ogwwo0g-proxy:10.0.1.14
	--add-host ow4csoo0484gkkcwg0wowsc0:10.0.1.4
	--add-host ow4csoo0484gkkcwg0wowsc0-proxy:10.0.1.16
	--add-host rwsoos0wgc8ock4k8wwo0o4c:10.0.1.9
	--add-host rwsoos0wgc8ock4k8wwo0o4c-proxy:10.0.1.17
	--network host
	-f /artifacts/es4occcwkg4sc08og8o84ogc/Dockerfile
	--build-arg SOURCE_COMMIT='628e60fe490308c262fb7370ab197f4be9b7784f'
	--build-arg EGG_CACHE_DB='\"0\"
	--build-arg EGG_CACHE_HOST='\"localhost\"
	--build-arg EGG_CACHE_PASSWORD='\"8xcUUZD3e4EHNHFetARc27hsZ6rAGdo8f1bUFg7zifqNCoHXoYDpg5rzqHmDxtzs\"
	--build-arg EGG_CACHE_PORT='6379
	--build-arg EGG_CACHE_USERNAME='\"\"
	--build-arg EGG_COPYRIGHT_AUTHOR='Adam Kalinowski'
	--build-arg EGG_COPYRIGHT_YEAR='\"2025\"'
	--build-arg EGG_DATABASE_DBNAME='\"postgres\" 
	--build-arg EGG_DATABASE_HOST='\"gsk8owg40g8w80ck4wcc8o4k\"
	--build-arg EGG_DATABASE_MIGRATION_DESTINATION='\"db/migrations\"'
	--build-arg EGG_DATABASE_MIGRATION_PROTOCOL='\"postgres\"'
	--build-arg EGG_DATABASE_PASSWORD='\"86NGOnu0Ney0fsHNltw22pUF7jypreoe55zug9pLJ54AYSlUa98DIa58bTxkmzcq\"
	--build-arg EGG_DATABASE_PORT='5432'
	--build-arg EGG_DATABASE_QUERIES_LOCATION='db/queries'
	--build-arg EGG_DATABASE_SQLC_REPOSITORY_LOCATION='db/repository'
	--build-arg EGG_DATABASE_SQLC_SCHEMA='postgresql'
	--build-arg EGG_DATABASE_SQLC_SQL_OR_GO='sql'
	--build-arg EGG_DATABASE_USERNAME='\"postgres\"'
	--build-arg EGG_LICENSE='\"MIT\"'
	--build-arg EGG_NAME='\"mindscape\"
	--build-arg EGG_NAMESPACE='\"github.com/adamkali/mindscape\"'
	--build-arg EGG_S3_ACCESS='\"2uAhQRZBzDT63ezNgg6rns92YhNqZNhU\"
	--build-arg EGG_S3_SECRET='\"yrKfzEKHADbWa4VTUeFnh8sqSShcKEE2\"
	--build-arg EGG_S3_URL='\"minio-j8s8okssws040w0goggko4gg.kalilarosa.xyz\"
	--build-arg EGG_SEMVER='\"0.0.4\"
	--build-arg EGG_SERVER_FRONTEND_API='\"web/src/api\"'
	--build-arg EGG_SERVER_FRONTEND_DIR='\"web/dist\"
	--build-arg EGG_SERVER_JWT='\"DZ4Z^v7repAumVj6S@7Q4Fc1c8@1VEVed8EdTrpDcx3a^SYY6Gq1Szv@NRgxWGtH\"
	--build-arg EGG_SERVER_PORT='\"60000\"
	--build-arg COOLIFY_URL='https://mindspace.kalilarosa.xyz'
	--build-arg COOLIFY_FQDN='mindspace.kalilarosa.xyz'
	--build-arg COOLIFY_BRANCH='nightly'
	--build-arg COOLIFY_RESOURCE_UUID='qc8cwoscccoco880kws8cggg'
	--build-arg COOLIFY_CONTAINER_NAME='qc8cwoscccoco880kws8cggg-220944135964'
	--build-arg COOLIFY_BUILD_SECRETS_HASH=84e4f91af7602dc3695070c653888b38431685dcfdc798457a74843ccbb30d4c
	--build-arg 'COOLIFY_URL=https://mindspace.kalilarosa.xyz'
	--build-arg 'COOLIFY_FQDN=mindspace.kalilarosa.xyz'
	--build-arg 'COOLIFY_BRANCH=nightly'
	--build-arg 'COOLIFY_RESOURCE_UUID=qc8cwoscccoco880kws8cggg'
	--build-arg 'COOLIFY_CONTAINER_NAME=qc8cwoscccoco880kws8cggg-220944135964'
	--progress plain
	-t qc8cwoscccoco880kws8cggg:628e60fe490308c262fb7370ab197f4be9b7784f /artifacts/es4occcwkg4sc08og8o84ogc
2025-Oct-24 22:09:51.940657
[CMD]: docker exec es4occcwkg4sc08og8o84ogc bash -c 'bash /artifacts/build.sh'
2025-Oct-24 22:09:51.940657
#0 building with "default" instance using docker driver
2025-Oct-24 22:09:51.940657
2025-Oct-24 22:09:51.940657
#1 [internal] load build definition from Dockerfile
2025-Oct-24 22:09:52.136559
#1 transferring dockerfile: 3.33kB done
2025-Oct-24 22:09:52.136559
#1 DONE 0.0s
2025-Oct-24 22:09:52.136559
2025-Oct-24 22:09:52.136559
#2 [internal] load metadata for docker.io/library/golang:1.24-alpine
2025-Oct-24 22:09:52.473816
#2 DONE 0.5s
2025-Oct-24 22:09:52.473816
2025-Oct-24 22:09:52.473816
#3 [internal] load metadata for docker.io/library/node:22-alpine
2025-Oct-24 22:09:52.585325
#3 DONE 0.5s
2025-Oct-24 22:09:52.585325
2025-Oct-24 22:09:52.585325
#4 [internal] load metadata for docker.io/library/alpine:latest
2025-Oct-24 22:09:52.585325
#4 DONE 0.5s
2025-Oct-24 22:09:52.585325
2025-Oct-24 22:09:52.585325
#5 [internal] load .dockerignore
2025-Oct-24 22:09:52.585325
#5 transferring context: 2B done
2025-Oct-24 22:09:52.585325
#5 DONE 0.0s
2025-Oct-24 22:09:52.585325
2025-Oct-24 22:09:52.585325
#6 [node_builder 1/6] FROM docker.io/library/node:22-alpine@sha256:bd26af08779f746650d95a2e4d653b0fd3c8030c44284b6b98d701c9b5eb66b9
2025-Oct-24 22:09:52.585325
#6 DONE 0.0s
2025-Oct-24 22:09:52.585325
2025-Oct-24 22:09:52.585325
#7 [go_builder 1/8] FROM docker.io/library/golang:1.24-alpine@sha256:8f8959f38530d159bf71d0b3eb0c547dc61e7959d8225d1599cf762477384923
2025-Oct-24 22:09:52.585325
#7 DONE 0.0s
2025-Oct-24 22:09:52.585325
2025-Oct-24 22:09:52.585325
#8 [app  1/12] FROM docker.io/library/alpine:latest@sha256:4b7ce07002c69e8f3d704a9c5d6fd3053be500b7f1c69fc0d80990c2ad8dd412
2025-Oct-24 22:09:52.585325
#8 DONE 0.0s
2025-Oct-24 22:09:52.585325
2025-Oct-24 22:09:52.585325
#9 [internal] load build context
2025-Oct-24 22:09:52.745468
#9 transferring context: 1.26MB 0.0s done
2025-Oct-24 22:09:52.745468
#9 DONE 0.1s
2025-Oct-24 22:09:52.745468
2025-Oct-24 22:09:52.745468
#10 [go_builder 2/8] WORKDIR /usr/src
2025-Oct-24 22:09:52.745468
#10 CACHED
2025-Oct-24 22:09:52.745468
2025-Oct-24 22:09:52.745468
#11 [go_builder 3/8] COPY go.* ./
2025-Oct-24 22:09:52.745468
#11 CACHED
2025-Oct-24 22:09:52.745468
2025-Oct-24 22:09:52.745468
#12 [go_builder 4/8] RUN go mod download
2025-Oct-24 22:09:52.745468
#12 CACHED
2025-Oct-24 22:09:52.745468
2025-Oct-24 22:09:52.745468
#13 [go_builder 5/8] COPY . .
2025-Oct-24 22:09:52.745468
#13 DONE 0.1s
2025-Oct-24 22:09:52.897479
#14 [go_builder 6/8] RUN CGO_ENABLED=0 GOOS=linux GOARCH=amd64 go build -o mindscape .
2025-Oct-24 22:10:18.321334
#14 DONE 25.6s
2025-Oct-24 22:10:18.475964
#15 [go_builder 7/8] RUN go install github.com/pressly/goose/v3/cmd/goose@latest
2025-Oct-24 22:10:18.954407
#15 0.629 go: downloading github.com/pressly/goose v2.7.0+incompatible
2025-Oct-24 22:10:19.129782
#15 0.655 go: downloading github.com/pressly/goose/v3 v3.26.0
2025-Oct-24 22:10:20.294412
#15 1.971 go: downloading github.com/ClickHouse/clickhouse-go/v2 v2.40.1
2025-Oct-24 22:10:20.409002
#15 1.971 go: downloading github.com/go-sql-driver/mysql v1.9.3
2025-Oct-24 22:10:20.409002
#15 1.971 go: downloading github.com/microsoft/go-mssqldb v1.9.2
2025-Oct-24 22:10:20.409002
#15 1.971 go: downloading github.com/joho/godotenv v1.5.1
2025-Oct-24 22:10:20.409002
#15 1.971 go: downloading github.com/mfridman/xflag v0.1.0
2025-Oct-24 22:10:20.409002
#15 2.085 go: downloading github.com/tursodatabase/libsql-client-go v0.0.0-20240902231107-85af5b9d094d
2025-Oct-24 22:10:20.531785
#15 2.145 go: downloading github.com/vertica/vertica-sql-go v1.3.3
2025-Oct-24 22:10:20.531785
#15 2.153 go: downloading github.com/ydb-platform/ydb-go-sdk/v3 v3.108.1
2025-Oct-24 22:10:20.531785
#15 2.208 go: downloading github.com/ziutek/mymysql v1.5.4
2025-Oct-24 22:10:20.656861
#15 2.224 go: downloading modernc.org/sqlite v1.38.2
2025-Oct-24 22:10:20.656861
#15 2.281 go: downloading filippo.io/edwards25519 v1.1.0
2025-Oct-24 22:10:20.656861
#15 2.293 go: downloading github.com/sethvargo/go-retry v0.3.0
2025-Oct-24 22:10:20.656861
#15 2.294 go: downloading go.uber.org/multierr v1.11.0
2025-Oct-24 22:10:20.656861
#15 2.333 go: downloading github.com/golang-sql/civil v0.0.0-20220223132316-b832511892a9
2025-Oct-24 22:10:20.772951
#15 2.396 go: downloading github.com/golang-sql/sqlexp v0.1.0
2025-Oct-24 22:10:20.772951
#15 2.419 go: downloading golang.org/x/text v0.27.0
2025-Oct-24 22:10:20.772951
#15 2.449 go: downloading github.com/ClickHouse/ch-go v0.67.0
2025-Oct-24 22:10:20.890377
#15 2.454 go: downloading github.com/andybalholm/brotli v1.2.0
2025-Oct-24 22:10:20.890377
#15 2.567 go: downloading go.opentelemetry.io/otel/trace v1.37.0
2025-Oct-24 22:10:20.993485
#15 2.667 go: downloading github.com/mfridman/interpolate v0.0.2
2025-Oct-24 22:10:21.094276
#15 2.732 go: downloading go.opentelemetry.io/otel v1.37.0
2025-Oct-24 22:10:21.094276
#15 2.771 go: downloading golang.org/x/crypto v0.40.0
2025-Oct-24 22:10:21.261328
#15 2.938 go: downloading github.com/coder/websocket v1.8.12
2025-Oct-24 22:10:21.417341
#15 3.094 go: downloading github.com/ydb-platform/ydb-go-genproto v0.0.0-20241112172322-ea1f63298f77
2025-Oct-24 22:10:21.596601
#15 3.122 go: downloading google.golang.org/grpc v1.62.1
2025-Oct-24 22:10:21.602234
#15 3.274 go: downloading github.com/elastic/go-sysinfo v1.15.4
2025-Oct-24 22:10:21.725212
#15 3.279 go: downloading github.com/paulmach/orb v0.11.1
2025-Oct-24 22:10:21.725212
#15 3.279 go: downloading github.com/shopspring/decimal v1.4.0
2025-Oct-24 22:10:21.725212
#15 3.402 go: downloading github.com/go-faster/city v1.0.1
2025-Oct-24 22:10:21.831281
#15 3.455 go: downloading github.com/go-faster/errors v0.7.1
2025-Oct-24 22:10:21.831281
#15 3.490 go: downloading github.com/pierrec/lz4/v4 v4.1.22
2025-Oct-24 22:10:21.831281
#15 3.508 go: downloading github.com/segmentio/asm v1.2.0
2025-Oct-24 22:10:22.037732
#15 3.534 go: downloading github.com/golang-jwt/jwt/v4 v4.5.2
2025-Oct-24 22:10:22.037732
#15 3.541 go: downloading github.com/jonboulle/clockwork v0.5.0
2025-Oct-24 22:10:22.037732
#15 3.563 go: downloading google.golang.org/protobuf v1.33.0
2025-Oct-24 22:10:22.215869
#15 3.892 go: downloading github.com/antlr4-go/antlr/v4 v4.13.0
2025-Oct-24 22:10:22.316781
#15 3.892 go: downloading github.com/golang/protobuf v1.5.3
2025-Oct-24 22:10:22.316781
#15 3.892 go: downloading google.golang.org/genproto/googleapis/rpc v0.0.0-20240123012728-ef4313101c80
2025-Oct-24 22:10:22.316781
#15 3.941 go: downloading github.com/prometheus/procfs v0.15.1
2025-Oct-24 22:10:22.316781
#15 3.993 go: downloading golang.org/x/sys v0.34.0
2025-Oct-24 22:10:22.502569
#15 4.027 go: downloading golang.org/x/exp v0.0.0-20250620022241-b7579e27df2b
2025-Oct-24 22:10:24.376339
#15 6.053 go: downloading modernc.org/libc v1.66.3
2025-Oct-24 22:10:26.132252
#15 7.807 go: downloading modernc.org/mathutil v1.7.1
2025-Oct-24 22:10:26.132252
#15 7.807 go: downloading modernc.org/memory v1.11.0
2025-Oct-24 22:10:26.258535
#15 7.935 go: downloading github.com/remyoudompheng/bigfft v0.0.0-20230129092748-24d4a6f8daec
2025-Oct-24 22:10:51.283634
#15 DONE 33.0s
2025-Oct-24 22:10:51.447388
#16 [go_builder 8/8] RUN go install github.com/adamkali/egg_cli@latest
2025-Oct-24 22:10:52.026311
#16 0.730 go: downloading github.com/adamkali/egg_cli v0.12.0
2025-Oct-24 22:10:52.031733
2025-Oct-24 22:10:52.175541
#16 0.877 go: downloading github.com/charmbracelet/bubbletea v1.3.5
2025-Oct-24 22:10:52.325116
#16 0.885 go: downloading github.com/charmbracelet/bubbles v0.21.0
2025-Oct-24 22:10:52.325116
#16 0.886 go: downloading github.com/charmbracelet/lipgloss v1.1.0
2025-Oct-24 22:10:52.325116
#16 1.028 go: downloading github.com/charmbracelet/x/ansi v0.8.0
2025-Oct-24 22:10:52.325116
#16 1.028 go: downloading github.com/charmbracelet/x/term v0.2.1
2025-Oct-24 22:10:52.475801
#16 1.075 go: downloading github.com/muesli/ansi v0.0.0-20230316100256-276c6243b2f6
2025-Oct-24 22:10:52.475801
#16 1.106 go: downloading github.com/muesli/cancelreader v0.2.2
2025-Oct-24 22:10:52.475801
#16 1.108 go: downloading golang.org/x/sync v0.13.0
2025-Oct-24 22:10:52.475801
#16 1.180 go: downloading github.com/atotto/clipboard v0.1.4
2025-Oct-24 22:10:52.577476
#16 1.191 go: downloading github.com/mattn/go-runewidth v0.0.16
2025-Oct-24 22:10:52.577476
#16 1.256 go: downloading github.com/rivo/uniseg v0.4.7
2025-Oct-24 22:10:52.577476
#16 1.263 go: downloading golang.org/x/sys v0.32.0
2025-Oct-24 22:10:52.577476
#16 1.281 go: downloading github.com/charmbracelet/x/cellbuf v0.0.13-0.20250311204145-2c3ea96c31dd
2025-Oct-24 22:10:52.694150
#16 1.311 go: downloading github.com/muesli/termenv v0.16.0
2025-Oct-24 22:10:52.694150
#16 1.398 go: downloading github.com/lucasb-eyer/go-colorful v1.2.0
2025-Oct-24 22:10:52.866501
#16 1.457 go: downloading github.com/charmbracelet/colorprofile v0.2.3-0.20250311203215-f60798e515dc
2025-Oct-24 22:10:52.866501
#16 1.495 go: downloading github.com/aymanbagabas/go-osc52/v2 v2.0.1
2025-Oct-24 22:10:52.866501
#16 1.570 go: downloading github.com/xo/terminfo v0.0.0-20220910002029-abceb7e1c41e
2025-Oct-24 22:10:56.091762
#16 DONE 4.8s
2025-Oct-24 22:10:56.494728
#17 [app  2/12] RUN apk add --no-cache ffmpeg
2025-Oct-24 22:10:56.494728
#17 CACHED
2025-Oct-24 22:10:56.494728
2025-Oct-24 22:10:56.494728
#18 [node_builder 2/6] WORKDIR /usr/src/web
2025-Oct-24 22:10:56.494728
#18 CACHED
2025-Oct-24 22:10:56.494728
2025-Oct-24 22:10:56.494728
#19 [node_builder 3/6] COPY web/package.json ./
2025-Oct-24 22:10:56.494728
#19 CACHED
2025-Oct-24 22:10:56.494728
2025-Oct-24 22:10:56.494728
#20 [node_builder 4/6] RUN npm install -g pnpm && pnpm install
2025-Oct-24 22:10:56.494728
#20 CACHED
2025-Oct-24 22:10:56.494728
2025-Oct-24 22:10:56.494728
#21 [node_builder 5/6] COPY web/ ./
2025-Oct-24 22:10:56.494728
#21 CACHED
2025-Oct-24 22:10:56.494728
2025-Oct-24 22:10:56.494728
#22 [node_builder 6/6] RUN pnpm run build
2025-Oct-24 22:10:56.494728
#22 CACHED
2025-Oct-24 22:10:56.494728
2025-Oct-24 22:10:56.494728
#23 [app  3/12] COPY --from=node_builder /usr/src/web/dist /app/web/dist
2025-Oct-24 22:10:56.494728
#23 CACHED
2025-Oct-24 22:10:56.494728
2025-Oct-24 22:10:56.494728
#24 [app  4/12] COPY --from=go_builder /usr/src/mindscape /app/
2025-Oct-24 22:10:56.494728
#24 CACHED
2025-Oct-24 22:10:56.645535
#25 [app  5/12] COPY --from=go_builder /go/bin/goose /app/
2025-Oct-24 22:10:57.047102
#25 DONE 0.6s
2025-Oct-24 22:10:57.216635
#26 [app  6/12] COPY --from=go_builder /go/bin/egg_cli /app/
2025-Oct-24 22:10:57.350938
#26 DONE 0.3s
2025-Oct-24 22:10:57.511373
#27 [app  7/12] RUN chmod +x /app/egg_cli
2025-Oct-24 22:10:57.685223
#27 DONE 0.3s
2025-Oct-24 22:10:57.841100
#28 [app  8/12] RUN chmod +x /app/goose
2025-Oct-24 22:10:58.261567
#28 DONE 0.6s
2025-Oct-24 22:10:58.445882
#29 [app  9/12] WORKDIR /app
2025-Oct-24 22:10:58.460984
#29 DONE 0.2s
2025-Oct-24 22:10:58.624238
#30 [app 10/12] RUN ./egg_cli env -e production
2025-Oct-24 22:10:58.682139
#30 0.211 Creating config from environment variables
2025-Oct-24 22:10:58.682139
#30 0.211 EGG_NAME is required
2025-Oct-24 22:10:58.871183
#30 ERROR: process "/bin/sh -c ./egg_cli env -e production" did not complete successfully: exit code: 1
2025-Oct-24 22:10:58.871183
------
2025-Oct-24 22:10:58.871183
> [app 10/12] RUN ./egg_cli env -e production:
2025-Oct-24 22:10:58.871183
0.211 Creating config from environment variables
2025-Oct-24 22:10:58.871183
0.211 EGG_NAME is required
2025-Oct-24 22:10:58.871183
------
2025-Oct-24 22:10:58.881433
Dockerfile:82
2025-Oct-24 22:10:58.881433
--------------------
2025-Oct-24 22:10:58.881433
80 |
2025-Oct-24 22:10:58.881433
81 |     # Generate production.yaml from environment variables using egg_cli
2025-Oct-24 22:10:58.881433
82 | >>> RUN ./egg_cli env -e production
2025-Oct-24 22:10:58.881433
83 |     RUN if [ -f ./config/production.yaml ]; then echo "config/production.yaml generated successfully"; else echo "config/production.yaml generation failed"; exit 32; fi
2025-Oct-24 22:10:58.881433
84 |
2025-Oct-24 22:10:58.881433
--------------------
2025-Oct-24 22:10:58.881433
ERROR: failed to build: failed to solve: process "/bin/sh -c ./egg_cli env -e production" did not complete successfully: exit code: 1
2025-Oct-24 22:10:58.881433
exit status 1
2025-Oct-24 22:10:58.907694
Oops something is not okay, are you okay? 😢
2025-Oct-24 22:10:58.920429
#0 building with "default" instance using docker driver
2025-Oct-24 22:10:58.920429
2025-Oct-24 22:10:58.920429
#1 [internal] load build definition from Dockerfile
2025-Oct-24 22:10:58.920429
#1 transferring dockerfile: 3.33kB done
2025-Oct-24 22:10:58.920429
#1 DONE 0.0s
2025-Oct-24 22:10:58.920429
2025-Oct-24 22:10:58.920429
#2 [internal] load metadata for docker.io/library/golang:1.24-alpine
2025-Oct-24 22:10:58.920429
#2 DONE 0.5s
2025-Oct-24 22:10:58.920429
2025-Oct-24 22:10:58.920429
#3 [internal] load metadata for docker.io/library/node:22-alpine
2025-Oct-24 22:10:58.920429
#3 DONE 0.5s
2025-Oct-24 22:10:58.920429
2025-Oct-24 22:10:58.920429
#4 [internal] load metadata for docker.io/library/alpine:latest
2025-Oct-24 22:10:58.920429
#4 DONE 0.5s
2025-Oct-24 22:10:58.920429
2025-Oct-24 22:10:58.920429
#5 [internal] load .dockerignore
2025-Oct-24 22:10:58.920429
#5 transferring context: 2B done
2025-Oct-24 22:10:58.920429
#5 DONE 0.0s
2025-Oct-24 22:10:58.920429
2025-Oct-24 22:10:58.920429
#6 [node_builder 1/6] FROM docker.io/library/node:22-alpine@sha256:bd26af08779f746650d95a2e4d653b0fd3c8030c44284b6b98d701c9b5eb66b9
2025-Oct-24 22:10:58.920429
#6 DONE 0.0s
2025-Oct-24 22:10:58.920429
2025-Oct-24 22:10:58.920429
#7 [go_builder 1/8] FROM docker.io/library/golang:1.24-alpine@sha256:8f8959f38530d159bf71d0b3eb0c547dc61e7959d8225d1599cf762477384923
2025-Oct-24 22:10:58.920429
#7 DONE 0.0s
2025-Oct-24 22:10:58.920429
2025-Oct-24 22:10:58.920429
#8 [app  1/12] FROM docker.io/library/alpine:latest@sha256:4b7ce07002c69e8f3d704a9c5d6fd3053be500b7f1c69fc0d80990c2ad8dd412
2025-Oct-24 22:10:58.920429
#8 DONE 0.0s
2025-Oct-24 22:10:58.920429
2025-Oct-24 22:10:58.920429
#9 [internal] load build context
2025-Oct-24 22:10:58.920429
#9 transferring context: 1.26MB 0.0s done
2025-Oct-24 22:10:58.920429
#9 DONE 0.1s
2025-Oct-24 22:10:58.920429
2025-Oct-24 22:10:58.920429
#10 [go_builder 2/8] WORKDIR /usr/src
2025-Oct-24 22:10:58.920429
#10 CACHED
2025-Oct-24 22:10:58.920429
2025-Oct-24 22:10:58.920429
#11 [go_builder 3/8] COPY go.* ./
2025-Oct-24 22:10:58.920429
#11 CACHED
2025-Oct-24 22:10:58.920429
2025-Oct-24 22:10:58.920429
#12 [go_builder 4/8] RUN go mod download
2025-Oct-24 22:10:58.920429
#12 CACHED
2025-Oct-24 22:10:58.920429
2025-Oct-24 22:10:58.920429
#13 [go_builder 5/8] COPY . .
2025-Oct-24 22:10:58.920429
#13 DONE 0.1s
2025-Oct-24 22:10:58.920429
2025-Oct-24 22:10:58.920429
#14 [go_builder 6/8] RUN CGO_ENABLED=0 GOOS=linux GOARCH=amd64 go build -o mindscape .
2025-Oct-24 22:10:58.920429
#14 DONE 25.6s
2025-Oct-24 22:10:58.920429
2025-Oct-24 22:10:58.920429
#15 [go_builder 7/8] RUN go install github.com/pressly/goose/v3/cmd/goose@latest
2025-Oct-24 22:10:58.920429
#15 0.629 go: downloading github.com/pressly/goose v2.7.0+incompatible
2025-Oct-24 22:10:58.920429
#15 0.655 go: downloading github.com/pressly/goose/v3 v3.26.0
2025-Oct-24 22:10:58.920429
#15 1.971 go: downloading github.com/ClickHouse/clickhouse-go/v2 v2.40.1
2025-Oct-24 22:10:58.920429
#15 1.971 go: downloading github.com/go-sql-driver/mysql v1.9.3
2025-Oct-24 22:10:58.920429
#15 1.971 go: downloading github.com/microsoft/go-mssqldb v1.9.2
2025-Oct-24 22:10:58.920429
#15 1.971 go: downloading github.com/joho/godotenv v1.5.1
2025-Oct-24 22:10:58.920429
#15 1.971 go: downloading github.com/mfridman/xflag v0.1.0
2025-Oct-24 22:10:58.920429
#15 2.085 go: downloading github.com/tursodatabase/libsql-client-go v0.0.0-20240902231107-85af5b9d094d
2025-Oct-24 22:10:58.920429
#15 2.145 go: downloading github.com/vertica/vertica-sql-go v1.3.3
2025-Oct-24 22:10:58.920429
#15 2.153 go: downloading github.com/ydb-platform/ydb-go-sdk/v3 v3.108.1
2025-Oct-24 22:10:58.920429
#15 2.208 go: downloading github.com/ziutek/mymysql v1.5.4
2025-Oct-24 22:10:58.920429
#15 2.224 go: downloading modernc.org/sqlite v1.38.2
2025-Oct-24 22:10:58.920429
#15 2.281 go: downloading filippo.io/edwards25519 v1.1.0
2025-Oct-24 22:10:58.920429
#15 2.293 go: downloading github.com/sethvargo/go-retry v0.3.0
2025-Oct-24 22:10:58.920429
#15 2.294 go: downloading go.uber.org/multierr v1.11.0
2025-Oct-24 22:10:58.920429
#15 2.333 go: downloading github.com/golang-sql/civil v0.0.0-20220223132316-b832511892a9
2025-Oct-24 22:10:58.920429
#15 2.396 go: downloading github.com/golang-sql/sqlexp v0.1.0
2025-Oct-24 22:10:58.920429
#15 2.419 go: downloading golang.org/x/text v0.27.0
2025-Oct-24 22:10:58.920429
#15 2.449 go: downloading github.com/ClickHouse/ch-go v0.67.0
2025-Oct-24 22:10:58.920429
#15 2.454 go: downloading github.com/andybalholm/brotli v1.2.0
2025-Oct-24 22:10:58.920429
#15 2.567 go: downloading go.opentelemetry.io/otel/trace v1.37.0
2025-Oct-24 22:10:58.920429
#15 2.667 go: downloading github.com/mfridman/interpolate v0.0.2
2025-Oct-24 22:10:58.920429
#15 2.732 go: downloading go.opentelemetry.io/otel v1.37.0
2025-Oct-24 22:10:58.920429
#15 2.771 go: downloading golang.org/x/crypto v0.40.0
2025-Oct-24 22:10:58.920429
#15 2.938 go: downloading github.com/coder/websocket v1.8.12
2025-Oct-24 22:10:58.920429
#15 3.094 go: downloading github.com/ydb-platform/ydb-go-genproto v0.0.0-20241112172322-ea1f63298f77
2025-Oct-24 22:10:58.920429
#15 3.122 go: downloading google.golang.org/grpc v1.62.1
2025-Oct-24 22:10:58.920429
#15 3.274 go: downloading github.com/elastic/go-sysinfo v1.15.4
2025-Oct-24 22:10:58.920429
#15 3.279 go: downloading github.com/paulmach/orb v0.11.1
2025-Oct-24 22:10:58.920429
#15 3.279 go: downloading github.com/shopspring/decimal v1.4.0
2025-Oct-24 22:10:58.920429
#15 3.402 go: downloading github.com/go-faster/city v1.0.1
2025-Oct-24 22:10:58.920429
#15 3.455 go: downloading github.com/go-faster/errors v0.7.1
2025-Oct-24 22:10:58.920429
#15 3.490 go: downloading github.com/pierrec/lz4/v4 v4.1.22
2025-Oct-24 22:10:58.920429
#15 3.508 go: downloading github.com/segmentio/asm v1.2.0
2025-Oct-24 22:10:58.920429
#15 3.534 go: downloading github.com/golang-jwt/jwt/v4 v4.5.2
2025-Oct-24 22:10:58.920429
#15 3.541 go: downloading github.com/jonboulle/clockwork v0.5.0
2025-Oct-24 22:10:58.920429
#15 3.563 go: downloading google.golang.org/protobuf v1.33.0
2025-Oct-24 22:10:58.920429
#15 3.892 go: downloading github.com/antlr4-go/antlr/v4 v4.13.0
2025-Oct-24 22:10:58.920429
#15 3.892 go: downloading github.com/golang/protobuf v1.5.3
2025-Oct-24 22:10:58.920429
#15 3.892 go: downloading google.golang.org/genproto/googleapis/rpc v0.0.0-20240123012728-ef4313101c80
2025-Oct-24 22:10:58.920429
#15 3.941 go: downloading github.com/prometheus/procfs v0.15.1
2025-Oct-24 22:10:58.920429
#15 3.993 go: downloading golang.org/x/sys v0.34.0
2025-Oct-24 22:10:58.920429
#15 4.027 go: downloading golang.org/x/exp v0.0.0-20250620022241-b7579e27df2b
2025-Oct-24 22:10:58.920429
#15 6.053 go: downloading modernc.org/libc v1.66.3
2025-Oct-24 22:10:58.920429
#15 7.807 go: downloading modernc.org/mathutil v1.7.1
2025-Oct-24 22:10:58.920429
#15 7.807 go: downloading modernc.org/memory v1.11.0
2025-Oct-24 22:10:58.920429
#15 7.935 go: downloading github.com/remyoudompheng/bigfft v0.0.0-20230129092748-24d4a6f8daec
2025-Oct-24 22:10:58.920429
#15 DONE 33.0s
2025-Oct-24 22:10:58.920429
2025-Oct-24 22:10:58.920429
#16 [go_builder 8/8] RUN go install github.com/adamkali/egg_cli@latest
2025-Oct-24 22:10:58.920429
#16 0.730 go: downloading github.com/adamkali/egg_cli v0.12.0
2025-Oct-24 22:10:58.920429
#16 0.877 go: downloading github.com/charmbracelet/bubbletea v1.3.5
2025-Oct-24 22:10:58.920429
#16 0.885 go: downloading github.com/charmbracelet/bubbles v0.21.0
2025-Oct-24 22:10:58.920429
#16 0.886 go: downloading github.com/charmbracelet/lipgloss v1.1.0
2025-Oct-24 22:10:58.920429
#16 1.028 go: downloading github.com/charmbracelet/x/ansi v0.8.0
2025-Oct-24 22:10:58.920429
#16 1.028 go: downloading github.com/charmbracelet/x/term v0.2.1
2025-Oct-24 22:10:58.920429
#16 1.075 go: downloading github.com/muesli/ansi v0.0.0-20230316100256-276c6243b2f6
2025-Oct-24 22:10:58.920429
#16 1.106 go: downloading github.com/muesli/cancelreader v0.2.2
2025-Oct-24 22:10:58.920429
#16 1.108 go: downloading golang.org/x/sync v0.13.0
2025-Oct-24 22:10:58.920429
#16 1.180 go: downloading github.com/atotto/clipboard v0.1.4
2025-Oct-24 22:10:58.920429
#16 1.191 go: downloading github.com/mattn/go-runewidth v0.0.16
2025-Oct-24 22:10:58.920429
#16 1.256 go: downloading github.com/rivo/uniseg v0.4.7
2025-Oct-24 22:10:58.920429
#16 1.263 go: downloading golang.org/x/sys v0.32.0
2025-Oct-24 22:10:58.920429
#16 1.281 go: downloading github.com/charmbracelet/x/cellbuf v0.0.13-0.20250311204145-2c3ea96c31dd
2025-Oct-24 22:10:58.920429
#16 1.311 go: downloading github.com/muesli/termenv v0.16.0
2025-Oct-24 22:10:58.920429
#16 1.398 go: downloading github.com/lucasb-eyer/go-colorful v1.2.0
2025-Oct-24 22:10:58.920429
#16 1.457 go: downloading github.com/charmbracelet/colorprofile v0.2.3-0.20250311203215-f60798e515dc
2025-Oct-24 22:10:58.920429
#16 1.495 go: downloading github.com/aymanbagabas/go-osc52/v2 v2.0.1
2025-Oct-24 22:10:58.920429
#16 1.570 go: downloading github.com/xo/terminfo v0.0.0-20220910002029-abceb7e1c41e
2025-Oct-24 22:10:58.920429
#16 DONE 4.8s
2025-Oct-24 22:10:58.920429
2025-Oct-24 22:10:58.920429
#17 [app  2/12] RUN apk add --no-cache ffmpeg
2025-Oct-24 22:10:58.920429
#17 CACHED
2025-Oct-24 22:10:58.920429
2025-Oct-24 22:10:58.920429
#18 [node_builder 2/6] WORKDIR /usr/src/web
2025-Oct-24 22:10:58.920429
#18 CACHED
2025-Oct-24 22:10:58.920429
2025-Oct-24 22:10:58.920429
#19 [node_builder 3/6] COPY web/package.json ./
2025-Oct-24 22:10:58.920429
#19 CACHED
2025-Oct-24 22:10:58.920429
2025-Oct-24 22:10:58.920429
#20 [node_builder 4/6] RUN npm install -g pnpm && pnpm install
2025-Oct-24 22:10:58.920429
#20 CACHED
2025-Oct-24 22:10:58.920429
2025-Oct-24 22:10:58.920429
#21 [node_builder 5/6] COPY web/ ./
2025-Oct-24 22:10:58.920429
#21 CACHED
2025-Oct-24 22:10:58.920429
2025-Oct-24 22:10:58.920429
#22 [node_builder 6/6] RUN pnpm run build
2025-Oct-24 22:10:58.920429
#22 CACHED
2025-Oct-24 22:10:58.920429
2025-Oct-24 22:10:58.920429
#23 [app  3/12] COPY --from=node_builder /usr/src/web/dist /app/web/dist
2025-Oct-24 22:10:58.920429
#23 CACHED
2025-Oct-24 22:10:58.920429
2025-Oct-24 22:10:58.920429
#24 [app  4/12] COPY --from=go_builder /usr/src/mindscape /app/
2025-Oct-24 22:10:58.920429
#24 CACHED
2025-Oct-24 22:10:58.920429
2025-Oct-24 22:10:58.920429
#25 [app  5/12] COPY --from=go_builder /go/bin/goose /app/
2025-Oct-24 22:10:58.920429
#25 DONE 0.6s
2025-Oct-24 22:10:58.920429
2025-Oct-24 22:10:58.920429
#26 [app  6/12] COPY --from=go_builder /go/bin/egg_cli /app/
2025-Oct-24 22:10:58.920429
#26 DONE 0.3s
2025-Oct-24 22:10:58.920429
2025-Oct-24 22:10:58.920429
#27 [app  7/12] RUN chmod +x /app/egg_cli
2025-Oct-24 22:10:58.920429
#27 DONE 0.3s
2025-Oct-24 22:10:58.920429
2025-Oct-24 22:10:58.920429
#28 [app  8/12] RUN chmod +x /app/goose
2025-Oct-24 22:10:58.920429
#28 DONE 0.6s
2025-Oct-24 22:10:58.920429
2025-Oct-24 22:10:58.920429
#29 [app  9/12] WORKDIR /app
2025-Oct-24 22:10:58.920429
#29 DONE 0.2s
2025-Oct-24 22:10:58.920429
2025-Oct-24 22:10:58.920429
#30 [app 10/12] RUN ./egg_cli env -e production
2025-Oct-24 22:10:58.920429
#30 0.211 Creating config from environment variables
2025-Oct-24 22:10:58.920429
#30 0.211 EGG_NAME is required
2025-Oct-24 22:10:58.920429
#30 ERROR: process "/bin/sh -c ./egg_cli env -e production" did not complete successfully: exit code: 1
2025-Oct-24 22:10:58.920429
------
2025-Oct-24 22:10:58.920429
> [app 10/12] RUN ./egg_cli env -e production:
2025-Oct-24 22:10:58.920429
0.211 Creating config from environment variables
2025-Oct-24 22:10:58.920429
0.211 EGG_NAME is required
2025-Oct-24 22:10:58.920429
------
2025-Oct-24 22:10:58.920429
Dockerfile:82
2025-Oct-24 22:10:58.920429
--------------------
2025-Oct-24 22:10:58.920429
80 |
2025-Oct-24 22:10:58.920429
81 |     # Generate production.yaml from environment variables using egg_cli
2025-Oct-24 22:10:58.920429
82 | >>> RUN ./egg_cli env -e production
2025-Oct-24 22:10:58.920429
83 |     RUN if [ -f ./config/production.yaml ]; then echo "config/production.yaml generated successfully"; else echo "config/production.yaml generation failed"; exit 32; fi
2025-Oct-24 22:10:58.920429
84 |
2025-Oct-24 22:10:58.920429
--------------------
2025-Oct-24 22:10:58.920429
ERROR: failed to build: failed to solve: process "/bin/sh -c ./egg_cli env -e production" did not complete successfully: exit code: 1
2025-Oct-24 22:10:58.920429
exit status 1
2025-Oct-24 22:10:58.936971
Deployment failed. Removing the new version of your application.
2025-Oct-24 22:10:59.282617
Gracefully shutting down build container: es4occcwkg4sc08og8o84ogc
2025-Oct-24 22:10:59.376086
[CMD]: docker stop --time=30 es4occcwkg4sc08og8o84ogc
2025-Oct-24 22:10:59.376086
Flag --time has been deprecated, use --timeout instead
2025-Oct-24 22:10:59.580486
es4occcwkg4sc08og8o84ogc
2025-Oct-24 22:10:59.674834
[CMD]: docker rm -f es4occcwkg4sc08og8o84ogc
2025-Oct-24 22:10:59.674834
Error response from daemon: No such container: es4occcwkg4sc08og8o84ogc
